Using pre-set license
Built from '2020.3/staging' branch; Version is '2020.3.13f1 (71691879b7f5) revision 7432472'; Using compiler version '192528614'; Build Type 'Release'
OS: 'Windows 10 Home; OS build 19043.1052; Version 2009; 64bit' Language: 'en' Physical Memory: 32712 MB
BatchMode: 1, IsHumanControllingUs: 0, StartBugReporterOnCrash: 0, Is64bit: 1, IsPro: 0

 COMMAND LINE ARGUMENTS:
C:\Program Files\Unity\Hub\Editor\2020.3.13f1\Editor\Unity.exe
-adb2
-batchMode
-noUpm
-name
AssetImportWorker0
-projectPath
C:/Users/larse/Documents/HuntingGame
-logFile
Logs/AssetImportWorker0.log
-srvPort
49517
Successfully changed project path to: C:/Users/larse/Documents/HuntingGame
C:/Users/larse/Documents/HuntingGame
Using Asset Import Pipeline V2.
Refreshing native plugins compatible for Editor in 22.08 ms, found 4 plugins.
Preloading 0 native plugins for Editor in 0.00 ms.
Initialize engine version: 2020.3.13f1 (71691879b7f5)
[Subsystems] Discovering subsystems at path C:/Program Files/Unity/Hub/Editor/2020.3.13f1/Editor/Data/Resources/UnitySubsystems
[Subsystems] Discovering subsystems at path C:/Users/larse/Documents/HuntingGame/Assets
GfxDevice: creating device client; threaded=0
Direct3D:
    Version:  Direct3D 11.0 [level 11.1]
    Renderer: NVIDIA GeForce RTX 3070 (ID=0x2484)
    Vendor:   
    VRAM:     8043 MB
    Driver:   27.21.14.6647
Initialize mono
Mono path[0] = 'C:/Program Files/Unity/Hub/Editor/2020.3.13f1/Editor/Data/Managed'
Mono path[1] = 'C:/Program Files/Unity/Hub/Editor/2020.3.13f1/Editor/Data/MonoBleedingEdge/lib/mono/unityjit'
Mono config path = 'C:/Program Files/Unity/Hub/Editor/2020.3.13f1/Editor/Data/MonoBleedingEdge/etc'
Using monoOptions --debugger-agent=transport=dt_socket,embedding=1,server=y,suspend=n,address=127.0.0.1:56172
Begin MonoManager ReloadAssembly
Registering precompiled unity dll's ...
Register platform support module: C:/Program Files/Unity/Hub/Editor/2020.3.13f1/Editor/Data/PlaybackEngines/WebGLSupport/UnityEditor.WebGL.Extensions.dll
Register platform support module: C:/Program Files/Unity/Hub/Editor/2020.3.13f1/Editor/Data/PlaybackEngines/WindowsStandaloneSupport/UnityEditor.WindowsStandalone.Extensions.dll
Registered in 0.001534 seconds.
Native extension for WindowsStandalone target not found
Native extension for WebGL target not found
Refreshing native plugins compatible for Editor in 19.48 ms, found 4 plugins.
Preloading 0 native plugins for Editor in 0.00 ms.
Mono: successfully reloaded assembly
- Completed reload, in  0.720 seconds
Platform modules already initialized, skipping
Registering precompiled user dll's ...
Registered in 0.006025 seconds.
Begin MonoManager ReloadAssembly
Native extension for WindowsStandalone target not found
Native extension for WebGL target not found
Refreshing native plugins compatible for Editor in 0.53 ms, found 4 plugins.
Preloading 0 native plugins for Editor in 0.00 ms.
Mono: successfully reloaded assembly
- Completed reload, in  0.679 seconds
Platform modules already initialized, skipping
========================================================================
Worker process is ready to serve import requests
Launched and connected shader compiler UnityShaderCompiler.exe after 0.03 seconds
Refreshing native plugins compatible for Editor in 0.37 ms, found 4 plugins.
Preloading 0 native plugins for Editor in 0.00 ms.
Unloading 1409 Unused Serialized files (Serialized files now loaded: 0)
System memory in use before: 65.4 MB.
System memory in use after: 65.5 MB.

Unloading 36 unused Assets to reduce memory usage. Loaded Objects now: 1867.
Total: 1.870200 ms (FindLiveObjects: 0.132600 ms CreateObjectMapping: 0.034800 ms MarkObjects: 1.642900 ms  DeleteObjects: 0.059000 ms)

AssetImportParameters requested are different than current active one (requested -> active):
  custom:framework-win-MediaFoundation: 216162199b28c13a410421893ffa2e32 -> 
  custom:video-decoder-ogg-theora: a1e56fd34408186e4bbccfd4996cb3dc -> 
  custom:container-muxer-webm: aa71ff27fc2769a1b78a27578f13a17b -> 
  custom:container-demuxer-webm: 4f35f7cbe854078d1ac9338744f61a02 -> 
  custom:container-demuxer-ogg: 62fdf1f143b41e24485cea50d1cbac27 -> 
  custom:video-encoder-webm-vp8: eb34c28f22e8b96e1ab97ce403110664 -> 
  custom:video-decoder-webm-vp8: 9c59270c3fd7afecdb556c50c9e8de78 -> 
  custom:audio-decoder-ogg-vorbis: bf7c407c2cedff20999df2af8eb42d56 -> 
  custom:audio-encoder-webm-vorbis: bf7c407c2cedff20999df2af8eb42d56 -> 
========================================================================
Received Import Request.
  path: Assets/Plugins/GitHub
  artifactKey: Guid(9b1c43bec2c2bf24daf115a683131730) Importer(815301076,1909f56bfc062723c751e8b465ee728b)
Start importing Assets/Plugins/GitHub using Guid(9b1c43bec2c2bf24daf115a683131730) Importer(815301076,1909f56bfc062723c751e8b465ee728b)  -> (artifact id: '4df49ba1df964aebd948ee7a86637ad8') in 0.007633 seconds 
  Import took 0.009260 seconds .

========================================================================
Received Import Request.
  Time since last request: 145.793347 seconds.
  path: Assets
  artifactKey: Guid(00000000000000001000000000000000) Importer(815301076,1909f56bfc062723c751e8b465ee728b)
Start importing Assets using Guid(00000000000000001000000000000000) Importer(815301076,1909f56bfc062723c751e8b465ee728b)  -> (artifact id: '42d402b061de3733987d63b9cc3b64de') in 0.005554 seconds 
  Import took 0.007584 seconds .

========================================================================
Received Import Request.
  Time since last request: 0.002371 seconds.
  path: Assets
  artifactKey: Guid(00000000000000001000000000000000) Importer(815301076,1909f56bfc062723c751e8b465ee728b)
Start importing Assets using Guid(00000000000000001000000000000000) Importer(815301076,1909f56bfc062723c751e8b465ee728b)  -> (artifact id: '42d402b061de3733987d63b9cc3b64de') in 0.001391 seconds 
  Import took 0.002977 seconds .

========================================================================
Received Import Request.
  Time since last request: 10.885168 seconds.
  path: Assets/Assets
  artifactKey: Guid(d22da124ba2945d45ad061ac1ebefc0a) Importer(815301076,1909f56bfc062723c751e8b465ee728b)
Start importing Assets/Assets using Guid(d22da124ba2945d45ad061ac1ebefc0a) Importer(815301076,1909f56bfc062723c751e8b465ee728b)  -> (artifact id: '6c60a6db087e112d95e37e7b42fcc133') in 0.001842 seconds 
  Import took 0.003491 seconds .

========================================================================
Received Import Request.
  Time since last request: 5.843100 seconds.
  path: Assets/Materials
  artifactKey: Guid(c61b029e3880179459eb88efa92e3e8e) Importer(815301076,1909f56bfc062723c751e8b465ee728b)
Start importing Assets/Materials using Guid(c61b029e3880179459eb88efa92e3e8e) Importer(815301076,1909f56bfc062723c751e8b465ee728b)  -> (artifact id: '7810a4f54c894678ed0a3b2f43583496') in 0.004894 seconds 
  Import took 0.006748 seconds .

========================================================================
Received Import Request.
  Time since last request: 195.715636 seconds.
  path: Assets/New Folder
  artifactKey: Guid(0cc2b6f5ba62c0a4cb4596ab52c39715) Importer(815301076,1909f56bfc062723c751e8b465ee728b)
Start importing Assets/New Folder using Guid(0cc2b6f5ba62c0a4cb4596ab52c39715) Importer(815301076,1909f56bfc062723c751e8b465ee728b)  -> (artifact id: 'd9fcad1a4b86728cde390c1b5e771f35') in 0.005783 seconds 
  Import took 0.007729 seconds .

========================================================================
Received Import Request.
  Time since last request: 0.017979 seconds.
  path: Assets/New Folder
  artifactKey: Guid(0cc2b6f5ba62c0a4cb4596ab52c39715) Importer(815301076,1909f56bfc062723c751e8b465ee728b)
Start importing Assets/New Folder using Guid(0cc2b6f5ba62c0a4cb4596ab52c39715) Importer(815301076,1909f56bfc062723c751e8b465ee728b)  -> (artifact id: 'd9fcad1a4b86728cde390c1b5e771f35') in 0.001749 seconds 
  Import took 0.003516 seconds .

========================================================================
Received Import Request.
  Time since last request: 28.242137 seconds.
  path: Assets/Materials
  artifactKey: Guid(0cc2b6f5ba62c0a4cb4596ab52c39715) Importer(815301076,1909f56bfc062723c751e8b465ee728b)
Start importing Assets/Materials using Guid(0cc2b6f5ba62c0a4cb4596ab52c39715) Importer(815301076,1909f56bfc062723c751e8b465ee728b)  -> (artifact id: '38a3c634aa4e6facfef3fc3de306b3ca') in 0.002927 seconds 
  Import took 0.004698 seconds .

========================================================================
Received Import Request.
  Time since last request: 16.077236 seconds.
  path: Assets/PhysMaterials
  artifactKey: Guid(032d346983f188541a96d9668c1e31f9) Importer(815301076,1909f56bfc062723c751e8b465ee728b)
Start importing Assets/PhysMaterials using Guid(032d346983f188541a96d9668c1e31f9) Importer(815301076,1909f56bfc062723c751e8b465ee728b)  -> (artifact id: '92b074165c52aa8b32757e078a583a17') in 0.005414 seconds 
  Import took 0.007271 seconds .

========================================================================
Received Import Request.
  Time since last request: 9.704583 seconds.
  path: Assets/Prefabs
  artifactKey: Guid(848cb415cc33246439fccb4a75da03bc) Importer(815301076,1909f56bfc062723c751e8b465ee728b)
Start importing Assets/Prefabs using Guid(848cb415cc33246439fccb4a75da03bc) Importer(815301076,1909f56bfc062723c751e8b465ee728b)  -> (artifact id: 'e26e82ec233ce07bbbe83a2a5ced1da0') in 0.005652 seconds 
  Import took 0.007514 seconds .

========================================================================
Received Import Request.
  Time since last request: 19.301054 seconds.
  path: Assets/Scripts
  artifactKey: Guid(6912d0aa979ee414a9175d2f14b3a21f) Importer(815301076,1909f56bfc062723c751e8b465ee728b)
Start importing Assets/Scripts using Guid(6912d0aa979ee414a9175d2f14b3a21f) Importer(815301076,1909f56bfc062723c751e8b465ee728b)  -> (artifact id: 'fd39b4abb0d2548ebbee8eabc04e5da9') in 0.005548 seconds 
  Import took 0.007662 seconds .

AssetImportWorkerClient::OnTransportError - code=2 error=End of file
